---
  0 debug pnpm:scope: 
    selected: 1
    workspacePrefix: null
  1 info pnpm: 
    message: "A store server is running. All store manipulations are delegated to it."
    prefix: "/app"
  2 debug pnpm:package-json: 
    initial: 
      name: "travel-journal"
      version: "0.1.0"
      private: true
      dependencies: 
        @testing-library/jest-dom: "^5.16.2"
        @testing-library/react: "^12.1.3"
        @testing-library/user-event: "^13.5.0"
        react: "^17.0.2"
        react-dom: "^17.0.2"
        react-scripts: "5.0.0"
        web-vitals: "^2.1.4"
      scripts: 
        start: "react-scripts start"
        build: "react-scripts build"
        test: "react-scripts test"
        eject: "react-scripts eject"
      eslintConfig: 
        extends: 
          - "react-app"
          - "react-app/jest"
      browserslist: 
        production: 
          - ">0.2%"
          - "not dead"
          - "not op_mini all"
        development: 
          - "last 1 chrome version"
          - "last 1 firefox version"
          - "last 1 safari version"
      readme: "# Travel Journal\n\nI love traveling and I love coding. So for my next React project, I built a simple travel journal of international places I've been to.\n\n<b>Topics covered:</b>\n\n- [x] Components & Props\n- [x] Data flow through props\n- [x] Mapping: use array maps with JSX to create mutiple components\n- [x] Conditioning on HTML elements with props\n\n![img](travel.png)\n"
      readmeFilename: "README.md"
      gitHead: "966035b8c929d2c42209fc66c9683611c24f3c78"
      description: "I love traveling and I love coding. So for my next React project, I built a simple travel journal of international places I've been to."
      _id: "travel-journal@0.1.0"
    prefix: "/app"
  3 debug pnpm:stage: 
    prefix: "/app"
    stage: "resolution_started"
  4 warn pnpm:install-check: 
    message: "Unsupported engine for registry.npmjs.org/react-scripts/5.0.0: wanted: {\"node\":\">=14.0.0\"} (current: {\"node\":\"v10.24.1\",\"pnpm\":\"2.25.5\"})"
    prefix: "/app"
  5 debug pnpm:progress: 
    packageId: "registry.npmjs.org/react-scripts/5.0.0"
    requester: "/app"
    status: "resolved"
  6 debug pnpm:progress: 
    packageId: "registry.npmjs.org/web-vitals/2.1.4"
    requester: "/app"
    status: "resolved"
  7 debug pnpm:progress: 
    packageId: "registry.npmjs.org/react/17.0.2"
    requester: "/app"
    status: "resolved"
  8 debug pnpm:progress: 
    packageId: "registry.npmjs.org/react-dom/17.0.2"
    requester: "/app"
    status: "resolved"
  9 warn pnpm:install-check: 
    message: "Unsupported engine for registry.npmjs.org/@testing-library/react/12.1.5: wanted: {\"node\":\">=12\"} (current: {\"node\":\"v10.24.1\",\"pnpm\":\"2.25.5\"})"
    prefix: "/app"
  10 debug pnpm:progress: 
    packageId: "registry.npmjs.org/@testing-library/react/12.1.5"
    requester: "/app"
    status: "resolved"
  11 debug pnpm:progress: 
    packageId: "registry.npmjs.org/@testing-library/jest-dom/5.16.4"
    requester: "/app"
    status: "resolved"
  12 debug pnpm:progress: 
    packageId: "registry.npmjs.org/@testing-library/user-event/13.5.0"
    requester: "/app"
    status: "resolved"
  13 debug pnpm:progress: 
    packageId: "registry.npmjs.org/react-scripts/5.0.0"
    requester: "/app"
    status: "found_in_store"
  14 debug pnpm:progress: 
    packageId: "registry.npmjs.org/web-vitals/2.1.4"
    requester: "/app"
    status: "found_in_store"
  15 warn pnpm:install-check: 
    message: "Unsupported platform for registry.npmjs.org/fsevents/2.3.2: wanted {\"cpu\":[\"any\"],\"os\":[\"darwin\"]} (current: {\"os\":\"linux\",\"cpu\":\"x64\"})"
    prefix: "/app"
  16 debug pnpm:skipped-optional-dependency: 
    details: "Error: Unsupported platform for registry.npmjs.org/fsevents/2.3.2: wanted {\"cpu\":[\"any\"],\"os\":[\"darwin\"]} (current: {\"os\":\"linux\",\"cpu\":\"x64\"})"
    package: 
      id: "registry.npmjs.org/fsevents/2.3.2"
      name: "fsevents"
      version: "2.3.2"
    prefix: "/app"
    reason: "unsupported_platform"
  17 debug pnpm:progress: 
    packageId: "registry.npmjs.org/fsevents/2.3.2"
    requester: "/app"
    status: "resolved"
  18 debug pnpm:progress: 
    packageId: "registry.npmjs.org/@babel/core/7.17.9"
    requester: "/app"
    status: "resolved"
  19 debug pnpm:progress: 
    packageId: "registry.npmjs.org/@pmmmwh/react-refresh-webpack-plugin/0.5.5"
    requester: "/app"
    status: "resolved"
  20 debug pnpm:progress: 
    packageId: "registry.npmjs.org/@svgr/webpack/5.5.0"
    requester: "/app"
    status: "resolved"
  21 debug pnpm:progress: 
    packageId: "registry.npmjs.org/babel-jest/27.5.1"
    requester: "/app"
    status: "resolved"
  22 debug pnpm:progress: 
    packageId: "registry.npmjs.org/babel-loader/8.2.4"
    requester: "/app"
    status: "resolved"
  23 debug pnpm:progress: 
    packageId: "registry.npmjs.org/dotenv-expand/5.1.0"
    requester: "/app"
    status: "resolved"
  24 warn pnpm:install-check: 
    message: "Unsupported engine for registry.npmjs.org/eslint/8.13.0: wanted: {\"node\":\"^12.22.0 || ^14.17.0 || >=16.0.0\"} (current: {\"node\":\"v10.24.1\",\"pnpm\":\"2.25.5\"})"
    prefix: "/app"
  25 debug pnpm:progress: 
    packageId: "registry.npmjs.org/eslint/8.13.0"
    requester: "/app"
    status: "resolved"
  26 warn pnpm:install-check: 
    message: "Unsupported engine for registry.npmjs.org/eslint-webpack-plugin/3.1.1: wanted: {\"node\":\">= 12.13.0\"} (current: {\"node\":\"v10.24.1\",\"pnpm\":\"2.25.5\"})"
    prefix: "/app"
  27 debug pnpm:progress: 
    packageId: "registry.npmjs.org/eslint-webpack-plugin/3.1.1"
    requester: "/app"
    status: "resolved"
  28 debug pnpm:progress: 
    packageId: "registry.npmjs.org/react/17.0.2"
    requester: "/app"
    status: "found_in_store"
  29 debug pnpm:progress: 
    packageId: "registry.npmjs.org/react-dom/17.0.2"
    requester: "/app"
    status: "found_in_store"
  30 debug pnpm:progress: 
    packageId: "registry.npmjs.org/@testing-library/react/12.1.5"
    requester: "/app"
    status: "found_in_store"
  31 debug pnpm:progress: 
    packageId: "registry.npmjs.org/@testing-library/jest-dom/5.16.4"
    requester: "/app"
    status: "found_in_store"
  32 debug pnpm:progress: 
    packageId: "registry.npmjs.org/@testing-library/user-event/13.5.0"
    requester: "/app"
    status: "found_in_store"
  33 warn pnpm:install-check: 
    message: "Unsupported engine for registry.npmjs.org/eslint-config-react-app/7.0.1: wanted: {\"node\":\">=14.0.0\"} (current: {\"node\":\"v10.24.1\",\"pnpm\":\"2.25.5\"})"
    prefix: "/app"
  34 debug pnpm:progress: 
    packageId: "registry.npmjs.org/eslint-config-react-app/7.0.1"
    requester: "/app"
    status: "resolved"
  35 debug pnpm:progress: 
    packageId: "registry.npmjs.org/dotenv/10.0.0"
    requester: "/app"
    status: "resolved"
  36 debug pnpm:progress: 
    packageId: "registry.npmjs.org/bfj/7.0.2"
    requester: "/app"
    status: "resolved"
  37 warn pnpm:install-check: 
    message: "Unsupported engine for registry.npmjs.org/css-minimizer-webpack-plugin/3.4.1: wanted: {\"node\":\">= 12.13.0\"} (current: {\"node\":\"v10.24.1\",\"pnpm\":\"2.25.5\"})"
    prefix: "/app"
  38 debug pnpm:progress: 
    packageId: "registry.npmjs.org/css-minimizer-webpack-plugin/3.4.1"
    requester: "/app"
    status: "resolved"
  39 debug pnpm:progress: 
    packageId: "registry.npmjs.org/case-sensitive-paths-webpack-plugin/2.4.0"
    requester: "/app"
    status: "resolved"
  40 debug pnpm:progress: 
    packageId: "registry.npmjs.org/camelcase/6.3.0"
    requester: "/app"
    status: "resolved"
  41 warn pnpm:install-check: 
    message: "Unsupported engine for registry.npmjs.org/fs-extra/10.1.0: wanted: {\"node\":\">=12\"} (current: {\"node\":\"v10.24.1\",\"pnpm\":\"2.25.5\"})"
    prefix: "/app"
  42 debug pnpm:progress: 
    packageId: "registry.npmjs.org/fs-extra/10.1.0"
    requester: "/app"
    status: "resolved"
  43 debug pnpm:progress: 
    packageId: "registry.npmjs.org/babel-plugin-named-asset-import/0.3.8"
    requester: "/app"
    status: "resolved"
  44 debug pnpm:progress: 
    packageId: "registry.npmjs.org/file-loader/6.2.0"
    requester: "/app"
    status: "resolved"
  45 debug pnpm:progress: 
    packageId: "registry.npmjs.org/babel-preset-react-app/10.0.1"
    requester: "/app"
    status: "resolved"
  46 debug pnpm:progress: 
    packageId: "registry.npmjs.org/identity-obj-proxy/3.0.0"
    requester: "/app"
    status: "resolved"
  47 debug pnpm:progress: 
    packageId: "registry.npmjs.org/html-webpack-plugin/5.5.0"
    requester: "/app"
    status: "resolved"
  48 warn pnpm:install-check: 
    message: "Unsupported engine for registry.npmjs.org/css-loader/6.7.1: wanted: {\"node\":\">= 12.13.0\"} (current: {\"node\":\"v10.24.1\",\"pnpm\":\"2.25.5\"})"
    prefix: "/app"
  49 debug pnpm:progress: 
    packageId: "registry.npmjs.org/css-loader/6.7.1"
    requester: "/app"
    status: "resolved"
  50 warn pnpm:install-check: 
    message: "Unsupported engine for registry.npmjs.org/jest-watch-typeahead/1.0.0: wanted: {\"node\":\"^12.22.0 || ^14.17.0 || >=16.0.0\"} (current: {\"node\":\"v10.24.1\",\"pnpm\":\"2.25.5\"})"
    prefix: "/app"
  51 debug pnpm:progress: 
    packageId: "registry.npmjs.org/jest-watch-typeahead/1.0.0"
    requester: "/app"
    status: "resolved"
  52 warn pnpm:install-check: 
    message: "Unsupported engine for registry.npmjs.org/postcss-loader/6.2.1: wanted: {\"node\":\">= 12.13.0\"} (current: {\"node\":\"v10.24.1\",\"pnpm\":\"2.25.5\"})"
    prefix: "/app"
  53 debug pnpm:progress: 
    packageId: "registry.npmjs.org/postcss-loader/6.2.1"
    requester: "/app"
    status: "resolved"
  54 warn pnpm:install-check: 
    message: "Unsupported engine for registry.npmjs.org/mini-css-extract-plugin/2.6.0: wanted: {\"node\":\">= 12.13.0\"} (current: {\"node\":\"v10.24.1\",\"pnpm\":\"2.25.5\"})"
    prefix: "/app"
  55 debug pnpm:progress: 
    packageId: "registry.npmjs.org/mini-css-extract-plugin/2.6.0"
    requester: "/app"
    status: "resolved"
  56 warn pnpm:install-check: 
    message: "Unsupported engine for registry.npmjs.org/postcss-normalize/10.0.1: wanted: {\"node\":\">= 12\"} (current: {\"node\":\"v10.24.1\",\"pnpm\":\"2.25.5\"})"
    prefix: "/app"
  57 debug pnpm:progress: 
    packageId: "registry.npmjs.org/postcss-normalize/10.0.1"
    requester: "/app"
    status: "resolved"
  58 debug pnpm:progress: 
    packageId: "registry.npmjs.org/browserslist/4.20.2"
    requester: "/app"
    status: "resolved"
  59 debug pnpm:progress: 
    packageId: "registry.npmjs.org/jest/27.5.1"
    requester: "/app"
    status: "resolved"
  60 debug pnpm:progress: 
    packageId: "registry.npmjs.org/jest-resolve/27.5.1"
    requester: "/app"
    status: "resolved"
  61 debug pnpm:progress: 
    packageId: "registry.npmjs.org/resolve/1.22.0"
    requester: "/app"
    status: "resolved"
  62 debug pnpm:progress: 
    packageId: "registry.npmjs.org/resolve-url-loader/4.0.0"
    requester: "/app"
    status: "resolved"
  63 warn pnpm:install-check: 
    message: "Unsupported engine for registry.npmjs.org/sass-loader/12.6.0: wanted: {\"node\":\">= 12.13.0\"} (current: {\"node\":\"v10.24.1\",\"pnpm\":\"2.25.5\"})"
    prefix: "/app"
  64 debug pnpm:progress: 
    packageId: "registry.npmjs.org/sass-loader/12.6.0"
    requester: "/app"
    status: "resolved"
  65 debug pnpm:progress: 
    packageId: "registry.npmjs.org/postcss/8.4.12"
    requester: "/app"
    status: "resolved"
  66 debug pnpm:progress: 
    packageId: "registry.npmjs.org/semver/7.3.7"
    requester: "/app"
    status: "resolved"
  67 warn pnpm:install-check: 
    message: "Unsupported engine for registry.npmjs.org/source-map-loader/3.0.1: wanted: {\"node\":\">= 12.13.0\"} (current: {\"node\":\"v10.24.1\",\"pnpm\":\"2.25.5\"})"
    prefix: "/app"
  68 debug pnpm:progress: 
    packageId: "registry.npmjs.org/source-map-loader/3.0.1"
    requester: "/app"
    status: "resolved"
  69 warn pnpm:install-check: 
    message: "Unsupported engine for registry.npmjs.org/style-loader/3.3.1: wanted: {\"node\":\">= 12.13.0\"} (current: {\"node\":\"v10.24.1\",\"pnpm\":\"2.25.5\"})"
    prefix: "/app"
  70 debug pnpm:progress: 
    packageId: "registry.npmjs.org/style-loader/3.3.1"
    requester: "/app"
    status: "resolved"
  71 debug pnpm:progress: 
    packageId: "registry.npmjs.org/postcss-flexbugs-fixes/5.0.2"
    requester: "/app"
    status: "resolved"
  72 warn pnpm:install-check: 
    message: "Unsupported engine for registry.npmjs.org/react-app-polyfill/3.0.0: wanted: {\"node\":\">=14\"} (current: {\"node\":\"v10.24.1\",\"pnpm\":\"2.25.5\"})"
    prefix: "/app"
  73 debug pnpm:progress: 
    packageId: "registry.npmjs.org/react-app-polyfill/3.0.0"
    requester: "/app"
    status: "resolved"
  74 debug pnpm:progress: 
    packageId: "registry.npmjs.org/prompts/2.4.2"
    requester: "/app"
    status: "resolved"
  75 debug pnpm:progress: 
    packageId: "registry.npmjs.org/react-refresh/0.11.0"
    requester: "/app"
    status: "resolved"
  76 warn pnpm:install-check: 
    message: "Unsupported engine for registry.npmjs.org/react-dev-utils/12.0.1: wanted: {\"node\":\">=14\"} (current: {\"node\":\"v10.24.1\",\"pnpm\":\"2.25.5\"})"
    prefix: "/app"
  77 debug pnpm:progress: 
    packageId: "registry.npmjs.org/react-dev-utils/12.0.1"
    requester: "/app"
    status: "resolved"
  78 warn pnpm:install-check: 
    message: "Unsupported engine for registry.npmjs.org/webpack-dev-server/4.8.1: wanted: {\"node\":\">= 12.13.0\"} (current: {\"node\":\"v10.24.1\",\"pnpm\":\"2.25.5\"})"
    prefix: "/app"
  79 debug pnpm:progress: 
    packageId: "registry.npmjs.org/webpack-dev-server/4.8.1"
    requester: "/app"
    status: "resolved"
  80 warn pnpm:install-check: 
    message: "Unsupported engine for registry.npmjs.org/webpack-manifest-plugin/4.1.1: wanted: {\"node\":\">=12.22.0\"} (current: {\"node\":\"v10.24.1\",\"pnpm\":\"2.25.5\"})"
    prefix: "/app"
  81 debug pnpm:progress: 
    packageId: "registry.npmjs.org/webpack-manifest-plugin/4.1.1"
    requester: "/app"
    status: "resolved"
  82 debug pnpm:progress: 
    packageId: "registry.npmjs.org/workbox-webpack-plugin/6.5.3"
    requester: "/app"
    status: "resolved"
  83 warn pnpm:install-check: 
    message: "Unsupported engine for registry.npmjs.org/tailwindcss/3.0.24: wanted: {\"node\":\">=12.13.0\"} (current: {\"node\":\"v10.24.1\",\"pnpm\":\"2.25.5\"})"
    prefix: "/app"
  84 debug pnpm:progress: 
    packageId: "registry.npmjs.org/tailwindcss/3.0.24"
    requester: "/app"
    status: "resolved"
  85 warn pnpm:install-check: 
    message: "Unsupported engine for registry.npmjs.org/postcss-preset-env/7.4.3: wanted: {\"node\":\"^12 || ^14 || >=16\"} (current: {\"node\":\"v10.24.1\",\"pnpm\":\"2.25.5\"})"
    prefix: "/app"
  86 debug pnpm:progress: 
    packageId: "registry.npmjs.org/postcss-preset-env/7.4.3"
    requester: "/app"
    status: "resolved"
  87 debug pnpm:progress: 
    packageId: "registry.npmjs.org/terser-webpack-plugin/5.3.1"
    requester: "/app"
    status: "resolved"
  88 debug pnpm:progress: 
    packageId: "registry.npmjs.org/webpack/5.72.0"
    requester: "/app"
    status: "resolved"
  89 debug pnpm:progress: 
    packageId: "registry.npmjs.org/@types/react-dom/17.0.15"
    requester: "/app"
    status: "resolved"
  90 debug pnpm:progress: 
    packageId: "registry.npmjs.org/loose-envify/1.4.0"
    requester: "/app"
    status: "resolved"
  91 debug pnpm:progress: 
    packageId: "registry.npmjs.org/object-assign/4.1.1"
    requester: "/app"
    status: "resolved"
  92 debug pnpm:progress: 
    packageId: "registry.npmjs.org/scheduler/0.20.2"
    requester: "/app"
    status: "resolved"
  93 debug pnpm:progress: 
    packageId: "registry.npmjs.org/@babel/runtime/7.17.9"
    requester: "/app"
    status: "resolved"
  94 warn pnpm:install-check: 
    message: "Unsupported engine for registry.npmjs.org/@testing-library/dom/8.13.0: wanted: {\"node\":\">=12\"} (current: {\"node\":\"v10.24.1\",\"pnpm\":\"2.25.5\"})"
    prefix: "/app"
  95 debug pnpm:progress: 
    packageId: "registry.npmjs.org/@testing-library/dom/8.13.0"
    requester: "/app"
    status: "resolved"
  96 debug pnpm:progress: 
    packageId: "registry.npmjs.org/dom-accessibility-api/0.5.13"
    requester: "/app"
    status: "resolved"
  97 debug pnpm:progress: 
    packageId: "registry.npmjs.org/lodash/4.17.21"
    requester: "/app"
    status: "resolved"
  98 debug pnpm:progress: 
    packageId: "registry.npmjs.org/redent/3.0.0"
    requester: "/app"
    status: "resolved"
  99 debug pnpm:progress: 
    packageId: "registry.npmjs.org/aria-query/5.0.0"
    requester: "/app"
    status: "resolved"
  100 debug pnpm:progress: 
    packageId: "registry.npmjs.org/@types/testing-library__jest-dom/5.14.3"
    requester: "/app"
    status: "resolved"
  101 debug pnpm:progress: 
    packageId: "registry.npmjs.org/css.escape/1.5.1"
    requester: "/app"
    status: "resolved"
  102 debug pnpm:progress: 
    packageId: "registry.npmjs.org/css/3.0.0"
    requester: "/app"
    status: "resolved"
  103 debug pnpm:progress: 
    packageId: "registry.npmjs.org/chalk/3.0.0"
    requester: "/app"
    status: "resolved"
  104 debug pnpm:progress: 
    packageId: "registry.npmjs.org/fsevents/2.3.2"
    requester: "/app"
    status: "found_in_store"
  105 debug pnpm:progress: 
    packageId: "registry.npmjs.org/@babel/core/7.17.9"
    requester: "/app"
    status: "found_in_store"
  106 debug pnpm:progress: 
    packageId: "registry.npmjs.org/@pmmmwh/react-refresh-webpack-plugin/0.5.5"
    requester: "/app"
    status: "found_in_store"
  107 debug pnpm:progress: 
    packageId: "registry.npmjs.org/@svgr/webpack/5.5.0"
    requester: "/app"
    status: "found_in_store"
  108 debug pnpm:progress: 
    packageId: "registry.npmjs.org/babel-jest/27.5.1"
    requester: "/app"
    status: "found_in_store"
  109 debug pnpm:progress: 
    packageId: "registry.npmjs.org/babel-loader/8.2.4"
    requester: "/app"
    status: "found_in_store"
  110 debug pnpm:progress: 
    packageId: "registry.npmjs.org/dotenv-expand/5.1.0"
    requester: "/app"
    status: "found_in_store"
  111 debug pnpm:progress: 
    packageId: "registry.npmjs.org/eslint/8.13.0"
    requester: "/app"
    status: "found_in_store"
  112 debug pnpm:progress: 
    packageId: "registry.npmjs.org/eslint-webpack-plugin/3.1.1"
    requester: "/app"
    status: "found_in_store"
  113 debug pnpm:progress: 
    packageId: "registry.npmjs.org/@ampproject/remapping/2.1.2"
    requester: "/app"
    status: "resolved"
  114 debug pnpm:progress: 
    packageId: "registry.npmjs.org/@babel/code-frame/7.16.7"
    requester: "/app"
    status: "resolved"
  115 debug pnpm:progress: 
    packageId: "registry.npmjs.org/@babel/generator/7.17.9"
    requester: "/app"
    status: "resolved"
  116 debug pnpm:progress: 
    packageId: "registry.npmjs.org/@babel/helper-compilation-targets/7.17.7"
    requester: "/app"
    status: "resolved"
  117 debug pnpm:progress: 
    packageId: "registry.npmjs.org/@babel/helper-module-transforms/7.17.7"
    requester: "/app"
    status: "resolved"
  118 debug pnpm:progress: 
    packageId: "registry.npmjs.org/@babel/helpers/7.17.9"
    requester: "/app"
    status: "resolved"
  119 debug pnpm:progress: 
    packageId: "registry.npmjs.org/@babel/parser/7.17.9"
    requester: "/app"
    status: "resolved"
  120 debug pnpm:progress: 
    packageId: "registry.npmjs.org/@babel/template/7.16.7"
    requester: "/app"
    status: "resolved"
  121 debug pnpm:progress: 
    packageId: "registry.npmjs.org/@babel/traverse/7.17.9"
    requester: "/app"
    status: "resolved"
  122 debug pnpm:progress: 
    packageId: "registry.npmjs.org/@babel/types/7.17.0"
    requester: "/app"
    status: "resolved"
  123 debug pnpm:progress: 
    packageId: "registry.npmjs.org/convert-source-map/1.8.0"
    requester: "/app"
    status: "resolved"
  124 debug pnpm:progress: 
    packageId: "registry.npmjs.org/debug/4.3.4"
    requester: "/app"
    status: "resolved"
  125 debug pnpm:progress: 
    packageId: "registry.npmjs.org/gensync/1.0.0-beta.2"
    requester: "/app"
    status: "resolved"
  126 debug pnpm:progress: 
    packageId: "registry.npmjs.org/json5/2.2.1"
    requester: "/app"
    status: "resolved"
  127 debug pnpm:progress: 
    packageId: "registry.npmjs.org/semver/6.3.0"
    requester: "/app"
    status: "resolved"
  128 debug pnpm:progress: 
    packageId: "registry.npmjs.org/ansi-html-community/0.0.8"
    requester: "/app"
    status: "resolved"
  129 debug pnpm:progress: 
    packageId: "registry.npmjs.org/common-path-prefix/3.0.0"
    requester: "/app"
    status: "resolved"
  130 debug pnpm:progress: 
    packageId: "registry.npmjs.org/core-js-pure/3.22.0"
    requester: "/app"
    status: "resolved"
  131 debug pnpm:progress: 
    packageId: "registry.npmjs.org/error-stack-parser/2.0.7"
    requester: "/app"
    status: "resolved"
  132 debug pnpm:progress: 
    packageId: "registry.npmjs.org/find-up/5.0.0"
    requester: "/app"
    status: "resolved"
  133 debug pnpm:progress: 
    packageId: "registry.npmjs.org/html-entities/2.3.3"
    requester: "/app"
    status: "resolved"
  134 debug pnpm:progress: 
    packageId: "registry.npmjs.org/loader-utils/2.0.2"
    requester: "/app"
    status: "resolved"
  135 debug pnpm:progress: 
    packageId: "registry.npmjs.org/schema-utils/3.1.1"
    requester: "/app"
    status: "resolved"
  136 debug pnpm:progress: 
    packageId: "registry.npmjs.org/source-map/0.7.3"
    requester: "/app"
    status: "resolved"
  137 debug pnpm:progress: 
    packageId: "registry.npmjs.org/@babel/plugin-transform-react-constant-elements/7.17.6"
    requester: "/app"
    status: "resolved"
  138 debug pnpm:progress: 
    packageId: "registry.npmjs.org/@babel/preset-env/7.16.11"
    requester: "/app"
    status: "resolved"
  139 debug pnpm:progress: 
    packageId: "registry.npmjs.org/@babel/preset-react/7.16.7"
    requester: "/app"
    status: "resolved"
  140 debug pnpm:progress: 
    packageId: "registry.npmjs.org/@svgr/core/5.5.0"
    requester: "/app"
    status: "resolved"
  141 debug pnpm:progress: 
    packageId: "registry.npmjs.org/@svgr/plugin-jsx/5.5.0"
    requester: "/app"
    status: "resolved"
  142 debug pnpm:progress: 
    packageId: "registry.npmjs.org/@svgr/plugin-svgo/5.5.0"
    requester: "/app"
    status: "resolved"
  143 debug pnpm:progress: 
    packageId: "registry.npmjs.org/@jest/transform/27.5.1"
    requester: "/app"
    status: "resolved"
  144 debug pnpm:progress: 
    packageId: "registry.npmjs.org/@jest/types/27.5.1"
    requester: "/app"
    status: "resolved"
  145 debug pnpm:progress: 
    packageId: "registry.npmjs.org/@types/babel__core/7.1.19"
    requester: "/app"
    status: "resolved"
  146 debug pnpm:progress: 
    packageId: "registry.npmjs.org/babel-plugin-istanbul/6.1.1"
    requester: "/app"
    status: "resolved"
  147 debug pnpm:progress: 
    packageId: "registry.npmjs.org/babel-preset-jest/27.5.1"
    requester: "/app"
    status: "resolved"
  148 debug pnpm:progress: 
    packageId: "registry.npmjs.org/chalk/4.1.2"
    requester: "/app"
    status: "resolved"
  149 debug pnpm:progress: 
    packageId: "registry.npmjs.org/graceful-fs/4.2.10"
    requester: "/app"
    status: "resolved"
  150 debug pnpm:progress: 
    packageId: "registry.npmjs.org/slash/3.0.0"
    requester: "/app"
    status: "resolved"
  151 debug pnpm:progress: 
    packageId: "registry.npmjs.org/find-cache-dir/3.3.2"
    requester: "/app"
    status: "resolved"
  152 debug pnpm:progress: 
    packageId: "registry.npmjs.org/make-dir/3.1.0"
    requester: "/app"
    status: "resolved"
  153 debug pnpm:progress: 
    packageId: "registry.npmjs.org/schema-utils/2.7.1"
    requester: "/app"
    status: "resolved"
  154 warn pnpm:install-check: 
    message: "Unsupported engine for registry.npmjs.org/@eslint/eslintrc/1.2.1: wanted: {\"node\":\"^12.22.0 || ^14.17.0 || >=16.0.0\"} (current: {\"node\":\"v10.24.1\",\"pnpm\":\"2.25.5\"})"
    prefix: "/app"
  155 debug pnpm:progress: 
    packageId: "registry.npmjs.org/@eslint/eslintrc/1.2.1"
    requester: "/app"
    status: "resolved"
  156 debug pnpm:progress: 
    packageId: "registry.npmjs.org/@humanwhocodes/config-array/0.9.5"
    requester: "/app"
    status: "resolved"
  157 debug pnpm:progress: 
    packageId: "registry.npmjs.org/ajv/6.12.6"
    requester: "/app"
    status: "resolved"
  158 debug pnpm:progress: 
    packageId: "registry.npmjs.org/cross-spawn/7.0.3"
    requester: "/app"
    status: "resolved"
  159 debug pnpm:progress: 
    packageId: "registry.npmjs.org/doctrine/3.0.0"
    requester: "/app"
    status: "resolved"
  160 debug pnpm:progress: 
    packageId: "registry.npmjs.org/escape-string-regexp/4.0.0"
    requester: "/app"
    status: "resolved"
  161 warn pnpm:install-check: 
    message: "Unsupported engine for registry.npmjs.org/eslint-scope/7.1.1: wanted: {\"node\":\"^12.22.0 || ^14.17.0 || >=16.0.0\"} (current: {\"node\":\"v10.24.1\",\"pnpm\":\"2.25.5\"})"
    prefix: "/app"
  162 debug pnpm:progress: 
    packageId: "registry.npmjs.org/eslint-scope/7.1.1"
    requester: "/app"
    status: "resolved"
  163 debug pnpm:progress: 
    packageId: "registry.npmjs.org/eslint-utils/3.0.0"
    requester: "/app"
    status: "resolved"
  164 warn pnpm:install-check: 
    message: "Unsupported engine for registry.npmjs.org/eslint-visitor-keys/3.3.0: wanted: {\"node\":\"^12.22.0 || ^14.17.0 || >=16.0.0\"} (current: {\"node\":\"v10.24.1\",\"pnpm\":\"2.25.5\"})"
    prefix: "/app"
  165 debug pnpm:progress: 
    packageId: "registry.npmjs.org/eslint-visitor-keys/3.3.0"
    requester: "/app"
    status: "resolved"
  166 debug pnpm:progress: 
    packageId: "registry.npmjs.org/esquery/1.4.0"
    requester: "/app"
    status: "resolved"
  167 debug pnpm:progress: 
    packageId: "registry.npmjs.org/esutils/2.0.3"
    requester: "/app"
    status: "resolved"
  168 debug pnpm:progress: 
    packageId: "registry.npmjs.org/fast-deep-equal/3.1.3"
    requester: "/app"
    status: "resolved"
  169 debug pnpm:progress: 
    packageId: "registry.npmjs.org/file-entry-cache/6.0.1"
    requester: "/app"
    status: "resolved"
  170 debug pnpm:progress: 
    packageId: "registry.npmjs.org/functional-red-black-tree/1.0.1"
    requester: "/app"
    status: "resolved"
  171 debug pnpm:progress: 
    packageId: "registry.npmjs.org/glob-parent/6.0.2"
    requester: "/app"
    status: "resolved"
  172 debug pnpm:progress: 
    packageId: "registry.npmjs.org/globals/13.13.0"
    requester: "/app"
    status: "resolved"
  173 debug pnpm:progress: 
    packageId: "registry.npmjs.org/ignore/5.2.0"
    requester: "/app"
    status: "resolved"
  174 debug pnpm:progress: 
    packageId: "registry.npmjs.org/import-fresh/3.3.0"
    requester: "/app"
    status: "resolved"
  175 debug pnpm:progress: 
    packageId: "registry.npmjs.org/is-glob/4.0.3"
    requester: "/app"
    status: "resolved"
  176 debug pnpm:progress: 
    packageId: "registry.npmjs.org/js-yaml/4.1.0"
    requester: "/app"
    status: "resolved"
  177 debug pnpm:progress: 
    packageId: "registry.npmjs.org/json-stable-stringify-without-jsonify/1.0.1"
    requester: "/app"
    status: "resolved"
  178 debug pnpm:progress: 
    packageId: "registry.npmjs.org/levn/0.4.1"
    requester: "/app"
    status: "resolved"
  179 debug pnpm:progress: 
    packageId: "registry.npmjs.org/lodash.merge/4.6.2"
    requester: "/app"
    status: "resolved"
  180 debug pnpm:progress: 
    packageId: "registry.npmjs.org/minimatch/3.1.2"
    requester: "/app"
    status: "resolved"
  181 debug pnpm:progress: 
    packageId: "registry.npmjs.org/natural-compare/1.4.0"
    requester: "/app"
    status: "resolved"
  182 debug pnpm:progress: 
    packageId: "registry.npmjs.org/optionator/0.9.1"
    requester: "/app"
    status: "resolved"
  183 debug pnpm:progress: 
    packageId: "registry.npmjs.org/regexpp/3.2.0"
    requester: "/app"
    status: "resolved"
  184 debug pnpm:progress: 
    packageId: "registry.npmjs.org/strip-json-comments/3.1.1"
    requester: "/app"
    status: "resolved"
  185 debug pnpm:progress: 
    packageId: "registry.npmjs.org/text-table/0.2.0"
    requester: "/app"
    status: "resolved"
  186 debug pnpm:progress: 
    packageId: "registry.npmjs.org/v8-compile-cache/2.3.0"
    requester: "/app"
    status: "resolved"
  187 debug pnpm:progress: 
    packageId: "registry.npmjs.org/@types/eslint/7.29.0"
    requester: "/app"
    status: "resolved"
  188 debug pnpm:progress: 
    packageId: "registry.npmjs.org/jest-worker/27.5.1"
    requester: "/app"
    status: "resolved"
  189 debug pnpm:progress: 
    packageId: "registry.npmjs.org/micromatch/4.0.5"
    requester: "/app"
    status: "resolved"
  190 warn pnpm:install-check: 
    message: "Unsupported engine for registry.npmjs.org/espree/9.3.1: wanted: {\"node\":\"^12.22.0 || ^14.17.0 || >=16.0.0\"} (current: {\"node\":\"v10.24.1\",\"pnpm\":\"2.25.5\"})"
    prefix: "/app"
  191 debug pnpm:progress: 
    packageId: "registry.npmjs.org/espree/9.3.1"
    requester: "/app"
    status: "resolved"
  192 debug pnpm:progress: 
    packageId: "registry.npmjs.org/eslint-config-react-app/7.0.1"
    requester: "/app"
    status: "found_in_store"
  193 debug pnpm:progress: 
    packageId: "registry.npmjs.org/dotenv/10.0.0"
    requester: "/app"
    status: "found_in_store"
  194 debug pnpm:progress: 
    packageId: "registry.npmjs.org/bfj/7.0.2"
    requester: "/app"
    status: "found_in_store"
  195 debug pnpm:progress: 
    packageId: "registry.npmjs.org/css-minimizer-webpack-plugin/3.4.1"
    requester: "/app"
    status: "found_in_store"
  196 debug pnpm:progress: 
    packageId: "registry.npmjs.org/case-sensitive-paths-webpack-plugin/2.4.0"
    requester: "/app"
    status: "found_in_store"
  197 debug pnpm:progress: 
    packageId: "registry.npmjs.org/camelcase/6.3.0"
    requester: "/app"
    status: "found_in_store"
  198 debug pnpm:progress: 
    packageId: "registry.npmjs.org/babel-plugin-named-asset-import/0.3.8"
    requester: "/app"
    status: "found_in_store"
  199 debug pnpm:progress: 
    packageId: "registry.npmjs.org/file-loader/6.2.0"
    requester: "/app"
    status: "found_in_store"
  200 debug pnpm:progress: 
    packageId: "registry.npmjs.org/babel-preset-react-app/10.0.1"
    requester: "/app"
    status: "found_in_store"
  201 debug pnpm:progress: 
    packageId: "registry.npmjs.org/identity-obj-proxy/3.0.0"
    requester: "/app"
    status: "found_in_store"
  202 debug pnpm:progress: 
    packageId: "registry.npmjs.org/html-webpack-plugin/5.5.0"
    requester: "/app"
    status: "found_in_store"
  203 debug pnpm:progress: 
    packageId: "registry.npmjs.org/css-loader/6.7.1"
    requester: "/app"
    status: "found_in_store"
  204 debug pnpm:progress: 
    packageId: "registry.npmjs.org/jest-watch-typeahead/1.0.0"
    requester: "/app"
    status: "found_in_store"
  205 debug pnpm:progress: 
    packageId: "registry.npmjs.org/postcss-loader/6.2.1"
    requester: "/app"
    status: "found_in_store"
  206 debug pnpm:progress: 
    packageId: "registry.npmjs.org/normalize-path/3.0.0"
    requester: "/app"
    status: "resolved"
  207 debug pnpm:progress: 
    packageId: "registry.npmjs.org/imurmurhash/0.1.4"
    requester: "/app"
    status: "resolved"
  208 debug pnpm:progress: 
    packageId: "registry.npmjs.org/strip-ansi/6.0.1"
    requester: "/app"
    status: "resolved"
  209 debug pnpm:progress: 
    packageId: "registry.npmjs.org/mini-css-extract-plugin/2.6.0"
    requester: "/app"
    status: "found_in_store"
  210 debug pnpm:progress: 
    packageId: "registry.npmjs.org/postcss-normalize/10.0.1"
    requester: "/app"
    status: "found_in_store"
  211 debug pnpm:progress: 
    packageId: "registry.npmjs.org/browserslist/4.20.2"
    requester: "/app"
    status: "found_in_store"
  212 debug pnpm:progress: 
    packageId: "registry.npmjs.org/jest/27.5.1"
    requester: "/app"
    status: "found_in_store"
  213 debug pnpm:progress: 
    packageId: "registry.npmjs.org/jest-resolve/27.5.1"
    requester: "/app"
    status: "found_in_store"
  214 debug pnpm:progress: 
    packageId: "registry.npmjs.org/resolve/1.22.0"
    requester: "/app"
    status: "found_in_store"
  215 debug pnpm:progress: 
    packageId: "registry.npmjs.org/resolve-url-loader/4.0.0"
    requester: "/app"
    status: "found_in_store"
  216 debug pnpm:progress: 
    packageId: "registry.npmjs.org/sass-loader/12.6.0"
    requester: "/app"
    status: "found_in_store"
  217 debug pnpm:progress: 
    packageId: "registry.npmjs.org/postcss/8.4.12"
    requester: "/app"
    status: "found_in_store"
  218 debug pnpm:progress: 
    packageId: "registry.npmjs.org/semver/7.3.7"
    requester: "/app"
    status: "found_in_store"
  219 debug pnpm:progress: 
    packageId: "registry.npmjs.org/source-map-loader/3.0.1"
    requester: "/app"
    status: "found_in_store"
  220 debug pnpm:progress: 
    packageId: "registry.npmjs.org/style-loader/3.3.1"
    requester: "/app"
    status: "found_in_store"
  221 debug pnpm:progress: 
    packageId: "registry.npmjs.org/postcss-flexbugs-fixes/5.0.2"
    requester: "/app"
    status: "found_in_store"
  222 debug pnpm:progress: 
    packageId: "registry.npmjs.org/react-app-polyfill/3.0.0"
    requester: "/app"
    status: "found_in_store"
  223 debug pnpm:progress: 
    packageId: "registry.npmjs.org/prompts/2.4.2"
    requester: "/app"
    status: "found_in_store"
  224 debug pnpm:progress: 
    packageId: "registry.npmjs.org/react-refresh/0.11.0"
    requester: "/app"
    status: "found_in_store"
  225 debug pnpm:progress: 
    packageId: "registry.npmjs.org/react-dev-utils/12.0.1"
    requester: "/app"
    status: "found_in_store"
  226 debug pnpm:progress: 
    packageId: "registry.npmjs.org/@babel/eslint-parser/7.17.0"
    requester: "/app"
    status: "resolved"
  227 debug pnpm:progress: 
    packageId: "registry.npmjs.org/@rushstack/eslint-patch/1.1.3"
    requester: "/app"
    status: "resolved"
  228 warn pnpm:install-check: 
    message: "Unsupported engine for registry.npmjs.org/@typescript-eslint/parser/5.19.0: wanted: {\"node\":\"^12.22.0 || ^14.17.0 || >=16.0.0\"} (current: {\"node\":\"v10.24.1\",\"pnpm\":\"2.25.5\"})"
    prefix: "/app"
  229 debug pnpm:progress: 
    packageId: "registry.npmjs.org/@typescript-eslint/parser/5.19.0"
    requester: "/app"
    status: "resolved"
  230 debug pnpm:progress: 
    packageId: "registry.npmjs.org/confusing-browser-globals/1.0.11"
    requester: "/app"
    status: "resolved"
  231 warn pnpm:install-check: 
    message: "Unsupported engine for registry.npmjs.org/eslint-plugin-flowtype/8.0.3: wanted: {\"node\":\">=12.0.0\"} (current: {\"node\":\"v10.24.1\",\"pnpm\":\"2.25.5\"})"
    prefix: "/app"
  232 debug pnpm:progress: 
    packageId: "registry.npmjs.org/eslint-plugin-flowtype/8.0.3"
    requester: "/app"
    status: "resolved"
  233 warn pnpm:install-check: 
    message: "Unsupported engine for registry.npmjs.org/schema-utils/4.0.0: wanted: {\"node\":\">= 12.13.0\"} (current: {\"node\":\"v10.24.1\",\"pnpm\":\"2.25.5\"})"
    prefix: "/app"
  234 debug pnpm:progress: 
    packageId: "registry.npmjs.org/schema-utils/4.0.0"
    requester: "/app"
    status: "resolved"
  235 debug pnpm:progress: 
    packageId: "registry.npmjs.org/source-map/0.6.1"
    requester: "/app"
    status: "resolved"
  236 warn pnpm:install-check: 
    message: "Unsupported engine for registry.npmjs.org/@typescript-eslint/eslint-plugin/5.19.0: wanted: {\"node\":\"^12.22.0 || ^14.17.0 || >=16.0.0\"} (current: {\"node\":\"v10.24.1\",\"pnpm\":\"2.25.5\"})"
    prefix: "/app"
  237 debug pnpm:progress: 
    packageId: "registry.npmjs.org/@typescript-eslint/eslint-plugin/5.19.0"
    requester: "/app"
    status: "resolved"
  238 warn pnpm:install-check: 
    message: "Unsupported engine for registry.npmjs.org/eslint-plugin-jest/25.7.0: wanted: {\"node\":\"^12.13.0 || ^14.15.0 || >=16.0.0\"} (current: {\"node\":\"v10.24.1\",\"pnpm\":\"2.25.5\"})"
    prefix: "/app"
  239 debug pnpm:progress: 
    packageId: "registry.npmjs.org/eslint-plugin-jest/25.7.0"
    requester: "/app"
    status: "resolved"
  240 debug pnpm:progress: 
    packageId: "registry.npmjs.org/eslint-plugin-react/7.29.4"
    requester: "/app"
    status: "resolved"
  241 debug pnpm:progress: 
    packageId: "registry.npmjs.org/eslint-plugin-jsx-a11y/6.5.1"
    requester: "/app"
    status: "resolved"
  242 debug pnpm:progress: 
    packageId: "registry.npmjs.org/eslint-plugin-import/2.26.0"
    requester: "/app"
    status: "resolved"
  243 debug pnpm:progress: 
    packageId: "registry.npmjs.org/bluebird/3.7.2"
    requester: "/app"
    status: "resolved"
  244 debug pnpm:progress: 
    packageId: "registry.npmjs.org/@babel/plugin-proposal-decorators/7.17.9"
    requester: "/app"
    status: "resolved"
  245 debug pnpm:progress: 
    packageId: "registry.npmjs.org/eslint-plugin-react-hooks/4.4.0"
    requester: "/app"
    status: "resolved"
  246 debug pnpm:progress: 
    packageId: "registry.npmjs.org/tryer/1.0.1"
    requester: "/app"
    status: "resolved"
  247 debug pnpm:progress: 
    packageId: "registry.npmjs.org/check-types/11.1.2"
    requester: "/app"
    status: "resolved"
  248 debug pnpm:progress: 
    packageId: "registry.npmjs.org/serialize-javascript/6.0.0"
    requester: "/app"
    status: "resolved"
  249 debug pnpm:progress: 
    packageId: "registry.npmjs.org/cssnano/5.1.7"
    requester: "/app"
    status: "resolved"
  250 debug pnpm:progress: 
    packageId: "registry.npmjs.org/jsonfile/6.1.0"
    requester: "/app"
    status: "resolved"
  251 debug pnpm:progress: 
    packageId: "registry.npmjs.org/universalify/2.0.0"
    requester: "/app"
    status: "resolved"
  252 warn pnpm:install-check: 
    message: "Unsupported engine for registry.npmjs.org/eslint-plugin-testing-library/5.3.1: wanted: {\"node\":\"^12.22.0 || ^14.17.0 || >=16.0.0\",\"npm\":\">=6\"} (current: {\"node\":\"v10.24.1\",\"pnpm\":\"2.25.5\"})"
    prefix: "/app"
  253 debug pnpm:progress: 
    packageId: "registry.npmjs.org/eslint-plugin-testing-library/5.3.1"
    requester: "/app"
    status: "resolved"
  254 debug pnpm:progress: 
    packageId: "registry.npmjs.org/@babel/plugin-proposal-class-properties/7.16.7"
    requester: "/app"
    status: "resolved"
  255 debug pnpm:progress: 
    packageId: "registry.npmjs.org/hoopy/0.1.4"
    requester: "/app"
    status: "resolved"
  256 warn pnpm:install-check: 
    message: "Unsupported engine for registry.npmjs.org/slash/4.0.0: wanted: {\"node\":\">=12\"} (current: {\"node\":\"v10.24.1\",\"pnpm\":\"2.25.5\"})"
    prefix: "/app"
  257 debug pnpm:progress: 
    packageId: "registry.npmjs.org/slash/4.0.0"
    requester: "/app"
    status: "resolved"
  258 debug pnpm:progress: 
    packageId: "registry.npmjs.org/@babel/plugin-proposal-numeric-separator/7.16.7"
    requester: "/app"
    status: "resolved"
  259 debug pnpm:progress: 
    packageId: "registry.npmjs.org/@babel/plugin-proposal-private-methods/7.16.11"
    requester: "/app"
    status: "resolved"
  260 debug pnpm:progress: 
    packageId: "registry.npmjs.org/@babel/plugin-transform-react-display-name/7.16.7"
    requester: "/app"
    status: "resolved"
  261 warn pnpm:install-check: 
    message: "Unsupported engine for registry.npmjs.org/html-minifier-terser/6.1.0: wanted: {\"node\":\">=12\"} (current: {\"node\":\"v10.24.1\",\"pnpm\":\"2.25.5\"})"
    prefix: "/app"
  262 debug pnpm:progress: 
    packageId: "registry.npmjs.org/html-minifier-terser/6.1.0"
    requester: "/app"
    status: "resolved"
  263 debug pnpm:progress: 
    packageId: "registry.npmjs.org/babel-plugin-macros/3.1.0"
    requester: "/app"
    status: "resolved"
  264 debug pnpm:progress: 
    packageId: "registry.npmjs.org/pretty-error/4.0.0"
    requester: "/app"
    status: "resolved"
  265 debug pnpm:progress: 
    packageId: "registry.npmjs.org/tapable/2.2.1"
    requester: "/app"
    status: "resolved"
  266 debug pnpm:progress: 
    packageId: "registry.npmjs.org/@babel/plugin-transform-runtime/7.17.0"
    requester: "/app"
    status: "resolved"
  267 debug pnpm:progress: 
    packageId: "registry.npmjs.org/@babel/plugin-proposal-optional-chaining/7.16.7"
    requester: "/app"
    status: "resolved"
  268 debug pnpm:progress: 
    packageId: "registry.npmjs.org/@babel/plugin-transform-flow-strip-types/7.16.7"
    requester: "/app"
    status: "resolved"
  269 debug pnpm:progress: 
    packageId: "registry.npmjs.org/@types/html-minifier-terser/6.1.0"
    requester: "/app"
    status: "resolved"
  270 debug pnpm:progress: 
    packageId: "registry.npmjs.org/babel-plugin-transform-react-remove-prop-types/0.4.24"
    requester: "/app"
    status: "resolved"
  271 debug pnpm:progress: 
    packageId: "registry.npmjs.org/@babel/plugin-proposal-nullish-coalescing-operator/7.16.7"
    requester: "/app"
    status: "resolved"
  272 warn pnpm:install-check: 
    message: "Unsupported engine for registry.npmjs.org/strip-ansi/7.0.1: wanted: {\"node\":\">=12\"} (current: {\"node\":\"v10.24.1\",\"pnpm\":\"2.25.5\"})"
    prefix: "/app"
  273 debug pnpm:progress: 
    packageId: "registry.npmjs.org/strip-ansi/7.0.1"
    requester: "/app"
    status: "resolved"
  274 warn pnpm:install-check: 
    message: "Unsupported engine for registry.npmjs.org/schema-utils/4.0.0: wanted: {\"node\":\">= 12.13.0\"} (current: {\"node\":\"v10.24.1\",\"pnpm\":\"2.25.5\"})"
    prefix: "/app"
  275 debug pnpm:progress: 
    packageId: "registry.npmjs.org/postcss/7.0.39"
    requester: "/app"
    status: "resolved"
  276 debug pnpm:progress: 
    packageId: "registry.npmjs.org/postcss-modules-extract-imports/3.0.0"
    requester: "/app"
    status: "resolved"
  277 debug pnpm:progress: 
    packageId: "registry.npmjs.org/postcss-modules-local-by-default/4.0.0"
    requester: "/app"
    status: "resolved"
  278 debug pnpm:progress: 
    packageId: "registry.npmjs.org/postcss-modules-scope/3.0.0"
    requester: "/app"
    status: "resolved"
  279 debug pnpm:progress: 
    packageId: "registry.npmjs.org/postcss-modules-values/4.0.0"
    requester: "/app"
    status: "resolved"
  280 debug pnpm:progress: 
    packageId: "registry.npmjs.org/postcss-value-parser/4.2.0"
    requester: "/app"
    status: "resolved"
  281 debug pnpm:progress: 
    packageId: "registry.npmjs.org/ansi-escapes/4.3.2"
    requester: "/app"
    status: "resolved"
  282 debug pnpm:progress: 
    packageId: "registry.npmjs.org/jest-regex-util/27.5.1"
    requester: "/app"
    status: "resolved"
  283 debug pnpm:progress: 
    packageId: "registry.npmjs.org/jest-watcher/27.5.1"
    requester: "/app"
    status: "resolved"
  284 warn pnpm:install-check: 
    message: "Unsupported engine for registry.npmjs.org/string-length/5.0.1: wanted: {\"node\":\">=12.20\"} (current: {\"node\":\"v10.24.1\",\"pnpm\":\"2.25.5\"})"
    prefix: "/app"
  285 debug pnpm:progress: 
    packageId: "registry.npmjs.org/string-length/5.0.1"
    requester: "/app"
    status: "resolved"
  286 debug pnpm:progress: 
    packageId: "registry.npmjs.org/klona/2.0.5"
    requester: "/app"
    status: "resolved"
  287 debug pnpm:progress: 
    packageId: "registry.npmjs.org/cosmiconfig/7.0.1"
    requester: "/app"
    status: "resolved"
  288 debug pnpm:progress: 
    packageId: "registry.npmjs.org/icss-utils/5.1.0"
    requester: "/app"
    status: "resolved"
  289 debug pnpm:progress: 
    packageId: "registry.npmjs.org/harmony-reflect/1.6.2"
    requester: "/app"
    status: "resolved"
  290 debug pnpm:progress: 
    packageId: "registry.npmjs.org/@csstools/normalize.css/12.0.0"
    requester: "/app"
    status: "resolved"
  291 debug pnpm:progress: 
    packageId: "registry.npmjs.org/kleur/3.0.3"
    requester: "/app"
    status: "resolved"
  292 debug pnpm:progress: 
    packageId: "registry.npmjs.org/sisteransi/1.0.5"
    requester: "/app"
    status: "resolved"
  293 debug pnpm:progress: 
    packageId: "registry.npmjs.org/address/1.1.2"
    requester: "/app"
    status: "resolved"
  294 debug pnpm:progress: 
    packageId: "registry.npmjs.org/detect-port-alt/1.1.6"
    requester: "/app"
    status: "resolved"
  295 debug pnpm:progress: 
    packageId: "registry.npmjs.org/filesize/8.0.7"
    requester: "/app"
    status: "resolved"
  296 debug pnpm:progress: 
    packageId: "registry.npmjs.org/fork-ts-checker-webpack-plugin/6.5.1"
    requester: "/app"
    status: "resolved"
  297 debug pnpm:progress: 
    packageId: "registry.npmjs.org/global-modules/2.0.0"
    requester: "/app"
    status: "resolved"
  298 debug pnpm:progress: 
    packageId: "registry.npmjs.org/globby/11.1.0"
    requester: "/app"
    status: "resolved"
  299 debug pnpm:progress: 
    packageId: "registry.npmjs.org/gzip-size/6.0.0"
    requester: "/app"
    status: "resolved"
  300 debug pnpm:progress: 
    packageId: "registry.npmjs.org/postcss-browser-comments/4.0.0"
    requester: "/app"
    status: "resolved"
  301 debug pnpm:progress: 
    packageId: "registry.npmjs.org/picocolors/1.0.0"
    requester: "/app"
    status: "resolved"
  302 debug pnpm:progress: 
    packageId: "registry.npmjs.org/caniuse-lite/1.0.30001332"
    requester: "/app"
    status: "resolved"
  303 debug pnpm:progress: 
    packageId: "registry.npmjs.org/sanitize.css/13.0.0"
    requester: "/app"
    status: "resolved"
  304 debug pnpm:progress: 
    packageId: "registry.npmjs.org/resolve.exports/1.1.0"
    requester: "/app"
    status: "resolved"
  305 debug pnpm:progress: 
    packageId: "registry.npmjs.org/is-core-module/2.8.1"
    requester: "/app"
    status: "resolved"
  306 debug pnpm:progress: 
    packageId: "registry.npmjs.org/jest-cli/27.5.1"
    requester: "/app"
    status: "resolved"
  307 debug pnpm:progress: 
    packageId: "registry.npmjs.org/node-releases/2.0.3"
    requester: "/app"
    status: "resolved"
  308 debug pnpm:progress: 
    packageId: "registry.npmjs.org/jest-util/27.5.1"
    requester: "/app"
    status: "resolved"
  309 debug pnpm:progress: 
    packageId: "registry.npmjs.org/jest-pnp-resolver/1.2.2"
    requester: "/app"
    status: "resolved"
  310 debug pnpm:progress: 
    packageId: "registry.npmjs.org/escalade/3.1.1"
    requester: "/app"
    status: "resolved"
  311 debug pnpm:progress: 
    packageId: "registry.npmjs.org/jest-haste-map/27.5.1"
    requester: "/app"
    status: "resolved"
  312 debug pnpm:progress: 
    packageId: "registry.npmjs.org/jest-validate/27.5.1"
    requester: "/app"
    status: "resolved"
  313 debug pnpm:progress: 
    packageId: "registry.npmjs.org/import-local/3.1.0"
    requester: "/app"
    status: "resolved"
  314 debug pnpm:progress: 
    packageId: "registry.npmjs.org/@jest/core/27.5.1"
    requester: "/app"
    status: "resolved"
  315 debug pnpm:progress: 
    packageId: "registry.npmjs.org/adjust-sourcemap-loader/4.0.0"
    requester: "/app"
    status: "resolved"
  316 debug pnpm:progress: 
    packageId: "registry.npmjs.org/neo-async/2.6.2"
    requester: "/app"
    status: "resolved"
  317 debug pnpm:progress: 
    packageId: "registry.npmjs.org/nanoid/3.3.2"
    requester: "/app"
    status: "resolved"
  318 debug pnpm:progress: 
    packageId: "registry.npmjs.org/source-map-js/1.0.2"
    requester: "/app"
    status: "resolved"
  319 debug pnpm:progress: 
    packageId: "registry.npmjs.org/lru-cache/6.0.0"
    requester: "/app"
    status: "resolved"
  320 debug pnpm:progress: 
    packageId: "registry.npmjs.org/electron-to-chromium/1.4.111"
    requester: "/app"
    status: "resolved"
  321 debug pnpm:progress: 
    packageId: "registry.npmjs.org/supports-preserve-symlinks-flag/1.0.0"
    requester: "/app"
    status: "resolved"
  322 debug pnpm:progress: 
    packageId: "registry.npmjs.org/path-parse/1.0.7"
    requester: "/app"
    status: "resolved"
  323 debug pnpm:progress: 
    packageId: "registry.npmjs.org/raf/3.4.1"
    requester: "/app"
    status: "resolved"
  324 debug pnpm:progress: 
    packageId: "registry.npmjs.org/regenerator-runtime/0.13.9"
    requester: "/app"
    status: "resolved"
  325 debug pnpm:progress: 
    packageId: "registry.npmjs.org/whatwg-fetch/3.6.2"
    requester: "/app"
    status: "resolved"
  326 debug pnpm:progress: 
    packageId: "registry.npmjs.org/promise/8.1.0"
    requester: "/app"
    status: "resolved"
  327 debug pnpm:progress: 
    packageId: "registry.npmjs.org/iconv-lite/0.6.3"
    requester: "/app"
    status: "resolved"
  328 debug pnpm:progress: 
    packageId: "registry.npmjs.org/abab/2.0.5"
    requester: "/app"
    status: "resolved"
  329 debug pnpm:progress: 
    packageId: "registry.npmjs.org/core-js/3.22.0"
    requester: "/app"
    status: "resolved"
  330 debug pnpm:progress: 
    packageId: "registry.npmjs.org/immer/9.0.12"
    requester: "/app"
    status: "resolved"
  331 debug pnpm:progress: 
    packageId: "registry.npmjs.org/is-root/2.1.0"
    requester: "/app"
    status: "resolved"
  332 warn pnpm:install-check: 
    message: "Unsupported engine for registry.npmjs.org/loader-utils/3.2.0: wanted: {\"node\":\">= 12.13.0\"} (current: {\"node\":\"v10.24.1\",\"pnpm\":\"2.25.5\"})"
    prefix: "/app"
  333 debug pnpm:progress: 
    packageId: "registry.npmjs.org/loader-utils/3.2.0"
    requester: "/app"
    status: "resolved"
  334 warn pnpm:install-check: 
    message: "Unsupported engine for registry.npmjs.org/open/8.4.0: wanted: {\"node\":\">=12\"} (current: {\"node\":\"v10.24.1\",\"pnpm\":\"2.25.5\"})"
    prefix: "/app"
  335 debug pnpm:progress: 
    packageId: "registry.npmjs.org/open/8.4.0"
    requester: "/app"
    status: "resolved"
  336 debug pnpm:progress: 
    packageId: "registry.npmjs.org/pkg-up/3.1.0"
    requester: "/app"
    status: "resolved"
  337 debug pnpm:progress: 
    packageId: "registry.npmjs.org/react-error-overlay/6.0.11"
    requester: "/app"
    status: "resolved"
  338 debug pnpm:progress: 
    packageId: "registry.npmjs.org/recursive-readdir/2.2.2"
    requester: "/app"
    status: "resolved"
  339 debug pnpm:progress: 
    packageId: "registry.npmjs.org/shell-quote/1.7.3"
    requester: "/app"
    status: "resolved"
  340 debug pnpm:progress: 
    packageId: "registry.npmjs.org/@babel/preset-typescript/7.16.7"
    requester: "/app"
    status: "resolved"
  341 debug pnpm:progress: 
    packageId: "registry.npmjs.org/webpack-dev-server/4.8.1"
    requester: "/app"
    status: "found_in_store"
  342 debug pnpm:progress: 
    packageId: "registry.npmjs.org/webpack-manifest-plugin/4.1.1"
    requester: "/app"
    status: "found_in_store"
  343 debug pnpm:progress: 
    packageId: "registry.npmjs.org/workbox-webpack-plugin/6.5.3"
    requester: "/app"
    status: "found_in_store"
  344 debug pnpm:progress: 
    packageId: "registry.npmjs.org/tailwindcss/3.0.24"
    requester: "/app"
    status: "found_in_store"
  345 debug pnpm:progress: 
    packageId: "registry.npmjs.org/postcss-preset-env/7.4.3"
    requester: "/app"
    status: "found_in_store"
  346 debug pnpm:progress: 
    packageId: "registry.npmjs.org/terser-webpack-plugin/5.3.1"
    requester: "/app"
    status: "found_in_store"
  347 debug pnpm:progress: 
    packageId: "registry.npmjs.org/webpack/5.72.0"
    requester: "/app"
    status: "found_in_store"
  348 debug pnpm:progress: 
    packageId: "registry.npmjs.org/@types/react-dom/17.0.15"
    requester: "/app"
    status: "found_in_store"
  349 debug pnpm:progress: 
    packageId: "registry.npmjs.org/loose-envify/1.4.0"
    requester: "/app"
    status: "found_in_store"
  350 debug pnpm:progress: 
    packageId: "registry.npmjs.org/object-assign/4.1.1"
    requester: "/app"
    status: "found_in_store"
  351 debug pnpm:progress: 
    packageId: "registry.npmjs.org/scheduler/0.20.2"
    requester: "/app"
    status: "found_in_store"
  352 debug pnpm:progress: 
    packageId: "registry.npmjs.org/@babel/runtime/7.17.9"
    requester: "/app"
    status: "found_in_store"
  353 debug pnpm:progress: 
    packageId: "registry.npmjs.org/@testing-library/dom/8.13.0"
    requester: "/app"
    status: "found_in_store"
  354 debug pnpm:progress: 
    packageId: "registry.npmjs.org/dom-accessibility-api/0.5.13"
    requester: "/app"
    status: "found_in_store"
  355 debug pnpm:progress: 
    packageId: "registry.npmjs.org/lodash/4.17.21"
    requester: "/app"
    status: "found_in_store"
  356 debug pnpm:progress: 
    packageId: "registry.npmjs.org/redent/3.0.0"
    requester: "/app"
    status: "found_in_store"
  357 debug pnpm:progress: 
    packageId: "registry.npmjs.org/aria-query/5.0.0"
    requester: "/app"
    status: "found_in_store"
  358 debug pnpm:progress: 
    packageId: "registry.npmjs.org/@types/testing-library__jest-dom/5.14.3"
    requester: "/app"
    status: "found_in_store"
  359 debug pnpm:progress: 
    packageId: "registry.npmjs.org/css.escape/1.5.1"
    requester: "/app"
    status: "found_in_store"
  360 debug pnpm:progress: 
    packageId: "registry.npmjs.org/css/3.0.0"
    requester: "/app"
    status: "found_in_store"
  361 debug pnpm:progress: 
    packageId: "registry.npmjs.org/chalk/3.0.0"
    requester: "/app"
    status: "found_in_store"
  362 debug pnpm:progress: 
    packageId: "registry.npmjs.org/fs-extra/10.1.0"
    requester: "/app"
    status: "fetched"
  363 debug pnpm:progress: 
    packageId: "registry.npmjs.org/@types/connect-history-api-fallback/1.3.5"
    requester: "/app"
    status: "resolved"
  364 debug pnpm:progress: 
    packageId: "registry.npmjs.org/@types/express/4.17.13"
    requester: "/app"
    status: "resolved"
  365 debug pnpm:progress: 
    packageId: "registry.npmjs.org/@types/serve-index/1.9.1"
    requester: "/app"
    status: "resolved"
  366 debug pnpm:progress: 
    packageId: "registry.npmjs.org/@types/ws/8.5.3"
    requester: "/app"
    status: "resolved"
  367 debug pnpm:progress: 
    packageId: "registry.npmjs.org/bonjour-service/1.0.11"
    requester: "/app"
    status: "resolved"
  368 debug pnpm:progress: 
    packageId: "registry.npmjs.org/chokidar/3.5.3"
    requester: "/app"
    status: "resolved"
  369 debug pnpm:progress: 
    packageId: "registry.npmjs.org/colorette/2.0.16"
    requester: "/app"
    status: "resolved"
  370 debug pnpm:progress: 
    packageId: "registry.npmjs.org/compression/1.7.4"
    requester: "/app"
    status: "resolved"
  371 debug pnpm:progress: 
    packageId: "registry.npmjs.org/connect-history-api-fallback/1.6.0"
    requester: "/app"
    status: "resolved"
  372 debug pnpm:progress: 
    packageId: "registry.npmjs.org/express/4.17.3"
    requester: "/app"
    status: "resolved"
  373 warn pnpm:install-check: 
    message: "Unsupported engine for registry.npmjs.org/http-proxy-middleware/2.0.4: wanted: {\"node\":\">=12.0.0\"} (current: {\"node\":\"v10.24.1\",\"pnpm\":\"2.25.5\"})"
    prefix: "/app"
  374 debug pnpm:progress: 
    packageId: "registry.npmjs.org/http-proxy-middleware/2.0.4"
    requester: "/app"
    status: "resolved"
  375 debug pnpm:progress: 
    packageId: "registry.npmjs.org/ipaddr.js/2.0.1"
    requester: "/app"
    status: "resolved"
  376 warn pnpm:install-check: 
    message: "Unsupported engine for registry.npmjs.org/open/8.4.0: wanted: {\"node\":\">=12\"} (current: {\"node\":\"v10.24.1\",\"pnpm\":\"2.25.5\"})"
    prefix: "/app"
  377 debug pnpm:progress: 
    packageId: "registry.npmjs.org/p-retry/4.6.1"
    requester: "/app"
    status: "resolved"
  378 debug pnpm:progress: 
    packageId: "registry.npmjs.org/portfinder/1.0.28"
    requester: "/app"
    status: "resolved"
  379 debug pnpm:progress: 
    packageId: "registry.npmjs.org/rimraf/3.0.2"
    requester: "/app"
    status: "resolved"
  380 warn pnpm:install-check: 
    message: "Unsupported engine for registry.npmjs.org/schema-utils/4.0.0: wanted: {\"node\":\">= 12.13.0\"} (current: {\"node\":\"v10.24.1\",\"pnpm\":\"2.25.5\"})"
    prefix: "/app"
  381 debug pnpm:progress: 
    packageId: "registry.npmjs.org/selfsigned/2.0.1"
    requester: "/app"
    status: "resolved"
  382 debug pnpm:progress: 
    packageId: "registry.npmjs.org/serve-index/1.9.1"
    requester: "/app"
    status: "resolved"
  383 debug pnpm:progress: 
    packageId: "registry.npmjs.org/sockjs/0.3.24"
    requester: "/app"
    status: "resolved"
  384 debug pnpm:progress: 
    packageId: "registry.npmjs.org/spdy/4.0.2"
    requester: "/app"
    status: "resolved"
  385 warn pnpm:install-check: 
    message: "Unsupported engine for registry.npmjs.org/webpack-dev-middleware/5.3.1: wanted: {\"node\":\">= 12.13.0\"} (current: {\"node\":\"v10.24.1\",\"pnpm\":\"2.25.5\"})"
    prefix: "/app"
  386 debug pnpm:progress: 
    packageId: "registry.npmjs.org/webpack-dev-middleware/5.3.1"
    requester: "/app"
    status: "resolved"
  387 debug pnpm:progress: 
    packageId: "registry.npmjs.org/ws/8.5.0"
    requester: "/app"
    status: "resolved"
  388 debug pnpm:progress: 
    packageId: "registry.npmjs.org/webpack-sources/2.3.1"
    requester: "/app"
    status: "resolved"
  389 debug pnpm:progress: 
    packageId: "registry.npmjs.org/fast-json-stable-stringify/2.1.0"
    requester: "/app"
    status: "resolved"
  390 debug pnpm:progress: 
    packageId: "registry.npmjs.org/pretty-bytes/5.6.0"
    requester: "/app"
    status: "resolved"
  391 debug pnpm:progress: 
    packageId: "registry.npmjs.org/upath/1.2.0"
    requester: "/app"
    status: "resolved"
  392 debug pnpm:progress: 
    packageId: "registry.npmjs.org/webpack-sources/1.4.3"
    requester: "/app"
    status: "resolved"
  393 debug pnpm:progress: 
    packageId: "registry.npmjs.org/arg/5.0.1"
    requester: "/app"
    status: "resolved"
  394 debug pnpm:progress: 
    packageId: "registry.npmjs.org/color-name/1.1.4"
    requester: "/app"
    status: "resolved"
  395 debug pnpm:progress: 
    packageId: "registry.npmjs.org/detective/5.2.0"
    requester: "/app"
    status: "resolved"
  396 debug pnpm:progress: 
    packageId: "registry.npmjs.org/didyoumean/1.2.2"
    requester: "/app"
    status: "resolved"
  397 debug pnpm:progress: 
    packageId: "registry.npmjs.org/fast-glob/3.2.11"
    requester: "/app"
    status: "resolved"
  398 debug pnpm:progress: 
    packageId: "registry.npmjs.org/lilconfig/2.0.5"
    requester: "/app"
    status: "resolved"
  399 debug pnpm:progress: 
    packageId: "registry.npmjs.org/object-hash/3.0.0"
    requester: "/app"
    status: "resolved"
  400 warn pnpm:install-check: 
    message: "Unsupported engine for registry.npmjs.org/postcss-js/4.0.0: wanted: {\"node\":\"^12 || ^14 || >= 16\"} (current: {\"node\":\"v10.24.1\",\"pnpm\":\"2.25.5\"})"
    prefix: "/app"
  401 debug pnpm:progress: 
    packageId: "registry.npmjs.org/postcss-js/4.0.0"
    requester: "/app"
    status: "resolved"
  402 debug pnpm:progress: 
    packageId: "registry.npmjs.org/postcss-selector-parser/6.0.10"
    requester: "/app"
    status: "resolved"
  403 debug pnpm:progress: 
    packageId: "registry.npmjs.org/default-gateway/6.0.3"
    requester: "/app"
    status: "resolved"
  404 debug pnpm:progress: 
    packageId: "registry.npmjs.org/quick-lru/5.1.1"
    requester: "/app"
    status: "resolved"
  405 debug pnpm:progress: 
    packageId: "registry.npmjs.org/@types/sockjs/0.3.33"
    requester: "/app"
    status: "resolved"
  406 warn pnpm:install-check: 
    message: "Unsupported engine for registry.npmjs.org/@csstools/postcss-font-format-keywords/1.0.0: wanted: {\"node\":\"^12 || ^14 || >=16\"} (current: {\"node\":\"v10.24.1\",\"pnpm\":\"2.25.5\"})"
    prefix: "/app"
  407 debug pnpm:progress: 
    packageId: "registry.npmjs.org/@csstools/postcss-font-format-keywords/1.0.0"
    requester: "/app"
    status: "resolved"
  408 warn pnpm:install-check: 
    message: "Unsupported engine for registry.npmjs.org/@csstools/postcss-color-function/1.1.0: wanted: {\"node\":\"^12 || ^14 || >=16\"} (current: {\"node\":\"v10.24.1\",\"pnpm\":\"2.25.5\"})"
    prefix: "/app"
  409 debug pnpm:progress: 
    packageId: "registry.npmjs.org/@csstools/postcss-color-function/1.1.0"
    requester: "/app"
    status: "resolved"
  410 debug pnpm:progress: 
    packageId: "registry.npmjs.org/autoprefixer/10.4.4"
    requester: "/app"
    status: "resolved"
  411 warn pnpm:install-check: 
    message: "Unsupported engine for registry.npmjs.org/@csstools/postcss-is-pseudo-class/2.0.2: wanted: {\"node\":\"^12 || ^14 || >=16\"} (current: {\"node\":\"v10.24.1\",\"pnpm\":\"2.25.5\"})"
    prefix: "/app"
  412 debug pnpm:progress: 
    packageId: "registry.npmjs.org/@csstools/postcss-is-pseudo-class/2.0.2"
    requester: "/app"
    status: "resolved"
  413 warn pnpm:install-check: 
    message: "Unsupported engine for registry.npmjs.org/css-blank-pseudo/3.0.3: wanted: {\"node\":\"^12 || ^14 || >=16\"} (current: {\"node\":\"v10.24.1\",\"pnpm\":\"2.25.5\"})"
    prefix: "/app"
  414 debug pnpm:progress: 
    packageId: "registry.npmjs.org/css-blank-pseudo/3.0.3"
    requester: "/app"
    status: "resolved"
  415 warn pnpm:install-check: 
    message: "Unsupported engine for registry.npmjs.org/@csstools/postcss-normalize-display-values/1.0.0: wanted: {\"node\":\"^12 || ^14 || >=16\"} (current: {\"node\":\"v10.24.1\",\"pnpm\":\"2.25.5\"})"
    prefix: "/app"
  416 debug pnpm:progress: 
    packageId: "registry.npmjs.org/@csstools/postcss-normalize-display-values/1.0.0"
    requester: "/app"
    status: "resolved"
  417 warn pnpm:install-check: 
    message: "Unsupported engine for registry.npmjs.org/css-prefers-color-scheme/6.0.3: wanted: {\"node\":\"^12 || ^14 || >=16\"} (current: {\"node\":\"v10.24.1\",\"pnpm\":\"2.25.5\"})"
    prefix: "/app"
  418 debug pnpm:progress: 
    packageId: "registry.npmjs.org/css-prefers-color-scheme/6.0.3"
    requester: "/app"
    status: "resolved"
  419 warn pnpm:install-check: 
    message: "Unsupported engine for registry.npmjs.org/css-has-pseudo/3.0.4: wanted: {\"node\":\"^12 || ^14 || >=16\"} (current: {\"node\":\"v10.24.1\",\"pnpm\":\"2.25.5\"})"
    prefix: "/app"
  420 debug pnpm:progress: 
    packageId: "registry.npmjs.org/css-has-pseudo/3.0.4"
    requester: "/app"
    status: "resolved"
  421 warn pnpm:install-check: 
    message: "Unsupported engine for registry.npmjs.org/@csstools/postcss-progressive-custom-properties/1.3.0: wanted: {\"node\":\"^12 || ^14 || >=16\"} (current: {\"node\":\"v10.24.1\",\"pnpm\":\"2.25.5\"})"
    prefix: "/app"
  422 debug pnpm:progress: 
    packageId: "registry.npmjs.org/@csstools/postcss-progressive-custom-properties/1.3.0"
    requester: "/app"
    status: "resolved"
  423 debug pnpm:progress: 
    packageId: "registry.npmjs.org/cssdb/6.5.0"
    requester: "/app"
    status: "resolved"
  424 debug pnpm:progress: 
    packageId: "registry.npmjs.org/postcss-attribute-case-insensitive/5.0.0"
    requester: "/app"
    status: "resolved"
  425 warn pnpm:install-check: 
    message: "Unsupported engine for registry.npmjs.org/@csstools/postcss-hwb-function/1.0.0: wanted: {\"node\":\"^12 || ^14 || >=16\"} (current: {\"node\":\"v10.24.1\",\"pnpm\":\"2.25.5\"})"
    prefix: "/app"
  426 debug pnpm:progress: 
    packageId: "registry.npmjs.org/@csstools/postcss-hwb-function/1.0.0"
    requester: "/app"
    status: "resolved"
  427 warn pnpm:install-check: 
    message: "Unsupported engine for registry.npmjs.org/postcss-color-rebeccapurple/7.0.2: wanted: {\"node\":\"^12 || ^14 || >=16\"} (current: {\"node\":\"v10.24.1\",\"pnpm\":\"2.25.5\"})"
    prefix: "/app"
  428 debug pnpm:progress: 
    packageId: "registry.npmjs.org/postcss-color-rebeccapurple/7.0.2"
    requester: "/app"
    status: "resolved"
  429 warn pnpm:install-check: 
    message: "Unsupported engine for registry.npmjs.org/postcss-dir-pseudo-class/6.0.4: wanted: {\"node\":\"^12 || ^14 || >=16\"} (current: {\"node\":\"v10.24.1\",\"pnpm\":\"2.25.5\"})"
    prefix: "/app"
  430 debug pnpm:progress: 
    packageId: "registry.npmjs.org/postcss-dir-pseudo-class/6.0.4"
    requester: "/app"
    status: "resolved"
  431 debug pnpm:progress: 
    packageId: "registry.npmjs.org/postcss-clamp/4.1.0"
    requester: "/app"
    status: "resolved"
  432 warn pnpm:install-check: 
    message: "Unsupported engine for registry.npmjs.org/postcss-custom-properties/12.1.7: wanted: {\"node\":\"^12 || ^14 || >=16\"} (current: {\"node\":\"v10.24.1\",\"pnpm\":\"2.25.5\"})"
    prefix: "/app"
  433 debug pnpm:progress: 
    packageId: "registry.npmjs.org/postcss-custom-properties/12.1.7"
    requester: "/app"
    status: "resolved"
  434 warn pnpm:install-check: 
    message: "Unsupported engine for registry.npmjs.org/postcss-nested/5.0.6: wanted: {\"node\":\">=12.0\"} (current: {\"node\":\"v10.24.1\",\"pnpm\":\"2.25.5\"})"
    prefix: "/app"
  435 debug pnpm:progress: 
    packageId: "registry.npmjs.org/postcss-nested/5.0.6"
    requester: "/app"
    status: "resolved"
  436 debug pnpm:progress: 
    packageId: "registry.npmjs.org/postcss-custom-media/8.0.0"
    requester: "/app"
    status: "resolved"
  437 warn pnpm:install-check: 
    message: "Unsupported engine for registry.npmjs.org/postcss-color-hex-alpha/8.0.3: wanted: {\"node\":\"^12 || ^14 || >=16\"} (current: {\"node\":\"v10.24.1\",\"pnpm\":\"2.25.5\"})"
    prefix: "/app"
  438 debug pnpm:progress: 
    packageId: "registry.npmjs.org/postcss-color-hex-alpha/8.0.3"
    requester: "/app"
    status: "resolved"
  439 debug pnpm:progress: 
    packageId: "registry.npmjs.org/postcss-custom-selectors/6.0.0"
    requester: "/app"
    status: "resolved"
  440 debug pnpm:progress: 
    packageId: "registry.npmjs.org/lz-string/1.4.4"
    requester: "/app"
    status: "resolved"
  441 warn pnpm:install-check: 
    message: "Unsupported engine for registry.npmjs.org/postcss-focus-visible/6.0.4: wanted: {\"node\":\"^12 || ^14 || >=16\"} (current: {\"node\":\"v10.24.1\",\"pnpm\":\"2.25.5\"})"
    prefix: "/app"
  442 debug pnpm:progress: 
    packageId: "registry.npmjs.org/postcss-focus-visible/6.0.4"
    requester: "/app"
    status: "resolved"
  443 warn pnpm:install-check: 
    message: "Unsupported engine for registry.npmjs.org/postcss-double-position-gradients/3.1.1: wanted: {\"node\":\"^12 || ^14 || >=16\"} (current: {\"node\":\"v10.24.1\",\"pnpm\":\"2.25.5\"})"
    prefix: "/app"
  444 debug pnpm:progress: 
    packageId: "registry.npmjs.org/postcss-double-position-gradients/3.1.1"
    requester: "/app"
    status: "resolved"
  445 debug pnpm:progress: 
    packageId: "registry.npmjs.org/eslint-scope/5.1.1"
    requester: "/app"
    status: "resolved"
  446 warn pnpm:install-check: 
    message: "Unsupported engine for registry.npmjs.org/postcss-env-function/4.0.6: wanted: {\"node\":\"^12 || ^14 || >=16\"} (current: {\"node\":\"v10.24.1\",\"pnpm\":\"2.25.5\"})"
    prefix: "/app"
  447 debug pnpm:progress: 
    packageId: "registry.npmjs.org/postcss-env-function/4.0.6"
    requester: "/app"
    status: "resolved"
  448 warn pnpm:install-check: 
    message: "Unsupported engine for registry.npmjs.org/postcss-logical/5.0.4: wanted: {\"node\":\"^12 || ^14 || >=16\"} (current: {\"node\":\"v10.24.1\",\"pnpm\":\"2.25.5\"})"
    prefix: "/app"
  449 debug pnpm:progress: 
    packageId: "registry.npmjs.org/postcss-logical/5.0.4"
    requester: "/app"
    status: "resolved"
  450 debug pnpm:progress: 
    packageId: "registry.npmjs.org/webpack-sources/3.2.3"
    requester: "/app"
    status: "resolved"
  451 warn pnpm:install-check: 
    message: "Unsupported engine for registry.npmjs.org/postcss-focus-within/5.0.4: wanted: {\"node\":\"^12 || ^14 || >=16\"} (current: {\"node\":\"v10.24.1\",\"pnpm\":\"2.25.5\"})"
    prefix: "/app"
  452 debug pnpm:progress: 
    packageId: "registry.npmjs.org/postcss-focus-within/5.0.4"
    requester: "/app"
    status: "resolved"
  453 debug pnpm:progress: 
    packageId: "registry.npmjs.org/dlv/1.1.3"
    requester: "/app"
    status: "resolved"
  454 debug pnpm:progress: 
    packageId: "registry.npmjs.org/postcss-initial/4.0.1"
    requester: "/app"
    status: "resolved"
  455 debug pnpm:progress: 
    packageId: "registry.npmjs.org/postcss-font-variant/5.0.0"
    requester: "/app"
    status: "resolved"
  456 warn pnpm:install-check: 
    message: "Unsupported engine for registry.npmjs.org/postcss-gap-properties/3.0.3: wanted: {\"node\":\"^12 || ^14 || >=16\"} (current: {\"node\":\"v10.24.1\",\"pnpm\":\"2.25.5\"})"
    prefix: "/app"
  457 debug pnpm:progress: 
    packageId: "registry.npmjs.org/postcss-gap-properties/3.0.3"
    requester: "/app"
    status: "resolved"
  458 warn pnpm:install-check: 
    message: "Unsupported engine for registry.npmjs.org/postcss-image-set-function/4.0.6: wanted: {\"node\":\"^12 || ^14 || >=16\"} (current: {\"node\":\"v10.24.1\",\"pnpm\":\"2.25.5\"})"
    prefix: "/app"
  459 debug pnpm:progress: 
    packageId: "registry.npmjs.org/postcss-image-set-function/4.0.6"
    requester: "/app"
    status: "resolved"
  460 warn pnpm:install-check: 
    message: "Unsupported engine for registry.npmjs.org/postcss-lab-function/4.2.0: wanted: {\"node\":\"^12 || ^14 || >=16\"} (current: {\"node\":\"v10.24.1\",\"pnpm\":\"2.25.5\"})"
    prefix: "/app"
  461 debug pnpm:progress: 
    packageId: "registry.npmjs.org/postcss-lab-function/4.2.0"
    requester: "/app"
    status: "resolved"
  462 debug pnpm:progress: 
    packageId: "registry.npmjs.org/workbox-build/6.5.3"
    requester: "/app"
    status: "resolved"
  463 debug pnpm:progress: 
    packageId: "registry.npmjs.org/postcss-media-minmax/5.0.0"
    requester: "/app"
    status: "resolved"
  464 warn pnpm:install-check: 
    message: "Unsupported engine for registry.npmjs.org/postcss-color-functional-notation/4.2.2: wanted: {\"node\":\"^12 || ^14 || >=16\"} (current: {\"node\":\"v10.24.1\",\"pnpm\":\"2.25.5\"})"
    prefix: "/app"
  465 debug pnpm:progress: 
    packageId: "registry.npmjs.org/postcss-color-functional-notation/4.2.2"
    requester: "/app"
    status: "resolved"
  466 warn pnpm:install-check: 
    message: "Unsupported engine for registry.npmjs.org/postcss-nesting/10.1.4: wanted: {\"node\":\"^12 || ^14 || >=16\"} (current: {\"node\":\"v10.24.1\",\"pnpm\":\"2.25.5\"})"
    prefix: "/app"
  467 debug pnpm:progress: 
    packageId: "registry.npmjs.org/postcss-nesting/10.1.4"
    requester: "/app"
    status: "resolved"
  468 warn pnpm:install-check: 
    message: "Unsupported engine for registry.npmjs.org/postcss-overflow-shorthand/3.0.3: wanted: {\"node\":\"^12 || ^14 || >=16\"} (current: {\"node\":\"v10.24.1\",\"pnpm\":\"2.25.5\"})"
    prefix: "/app"
  469 debug pnpm:progress: 
    packageId: "registry.npmjs.org/postcss-overflow-shorthand/3.0.3"
    requester: "/app"
    status: "resolved"
  470 warn pnpm:install-check: 
    message: "Unsupported engine for registry.npmjs.org/postcss-opacity-percentage/1.1.2: wanted: {\"node\":\"^12 || ^14 || >=16\"} (current: {\"node\":\"v10.24.1\",\"pnpm\":\"2.25.5\"})"
    prefix: "/app"
  471 debug pnpm:progress: 
    packageId: "registry.npmjs.org/postcss-opacity-percentage/1.1.2"
    requester: "/app"
    status: "resolved"
  472 warn pnpm:install-check: 
    message: "Unsupported engine for registry.npmjs.org/postcss-pseudo-class-any-link/7.1.2: wanted: {\"node\":\"^12 || ^14 || >=16\"} (current: {\"node\":\"v10.24.1\",\"pnpm\":\"2.25.5\"})"
    prefix: "/app"
  473 debug pnpm:progress: 
    packageId: "registry.npmjs.org/postcss-pseudo-class-any-link/7.1.2"
    requester: "/app"
    status: "resolved"
  474 warn pnpm:install-check: 
    message: "Unsupported engine for registry.npmjs.org/postcss-place/7.0.4: wanted: {\"node\":\"^12 || ^14 || >=16\"} (current: {\"node\":\"v10.24.1\",\"pnpm\":\"2.25.5\"})"
    prefix: "/app"
  475 debug pnpm:progress: 
    packageId: "registry.npmjs.org/postcss-place/7.0.4"
    requester: "/app"
    status: "resolved"
  476 debug pnpm:progress: 
    packageId: "registry.npmjs.org/postcss-page-break/3.0.4"
    requester: "/app"
    status: "resolved"
  477 debug pnpm:progress: 
    packageId: "registry.npmjs.org/postcss-replace-overflow-wrap/4.0.0"
    requester: "/app"
    status: "resolved"
  478 debug pnpm:progress: 
    packageId: "registry.npmjs.org/terser/5.12.1"
    requester: "/app"
    status: "resolved"
  479 debug pnpm:progress: 
    packageId: "registry.npmjs.org/acorn-import-assertions/1.8.0"
    requester: "/app"
    status: "resolved"
  480 debug pnpm:progress: 
    packageId: "registry.npmjs.org/@types/eslint-scope/3.7.3"
    requester: "/app"
    status: "resolved"
  481 warn pnpm:install-check: 
    message: "Unsupported engine for registry.npmjs.org/@csstools/postcss-ic-unit/1.0.0: wanted: {\"node\":\"^12 || ^14 || >=16\"} (current: {\"node\":\"v10.24.1\",\"pnpm\":\"2.25.5\"})"
    prefix: "/app"
  482 debug pnpm:progress: 
    packageId: "registry.npmjs.org/@csstools/postcss-ic-unit/1.0.0"
    requester: "/app"
    status: "resolved"
  483 debug pnpm:progress: 
    packageId: "registry.npmjs.org/@types/estree/0.0.51"
    requester: "/app"
    status: "resolved"
  484 debug pnpm:progress: 
    packageId: "registry.npmjs.org/acorn/8.7.0"
    requester: "/app"
    status: "resolved"
  485 debug pnpm:progress: 
    packageId: "registry.npmjs.org/postcss-selector-not/5.0.0"
    requester: "/app"
    status: "resolved"
  486 debug pnpm:progress: 
    packageId: "registry.npmjs.org/es-module-lexer/0.9.3"
    requester: "/app"
    status: "resolved"
  487 debug pnpm:progress: 
    packageId: "registry.npmjs.org/enhanced-resolve/5.9.3"
    requester: "/app"
    status: "resolved"
  488 debug pnpm:progress: 
    packageId: "registry.npmjs.org/glob-to-regexp/0.4.1"
    requester: "/app"
    status: "resolved"
  489 debug pnpm:progress: 
    packageId: "registry.npmjs.org/chrome-trace-event/1.0.3"
    requester: "/app"
    status: "resolved"
  490 debug pnpm:progress: 
    packageId: "registry.npmjs.org/json-parse-better-errors/1.0.2"
    requester: "/app"
    status: "resolved"
  491 debug pnpm:progress: 
    packageId: "registry.npmjs.org/@types/bonjour/3.5.10"
    requester: "/app"
    status: "resolved"
  492 debug pnpm:progress: 
    packageId: "registry.npmjs.org/loader-runner/4.3.0"
    requester: "/app"
    status: "resolved"
  493 debug pnpm:progress: 
    packageId: "registry.npmjs.org/mime-types/2.1.35"
    requester: "/app"
    status: "resolved"
  494 debug pnpm:progress: 
    packageId: "registry.npmjs.org/watchpack/2.3.1"
    requester: "/app"
    status: "resolved"
  495 debug pnpm:progress: 
    packageId: "registry.npmjs.org/js-tokens/4.0.0"
    requester: "/app"
    status: "resolved"
  496 debug pnpm:progress: 
    packageId: "registry.npmjs.org/postcss-load-config/3.1.4"
    requester: "/app"
    status: "resolved"
  497 debug pnpm:progress: 
    packageId: "registry.npmjs.org/events/3.3.0"
    requester: "/app"
    status: "resolved"
  498 debug pnpm:progress: 
    packageId: "registry.npmjs.org/@types/react/17.0.44"
    requester: "/app"
    status: "resolved"
